{
  "RSpec": {
    "coverage": {
      "/Users/brandonwieber/code/Blocmarks/spec/controllers/bookmarks_controller_spec.rb": [
        1,
        null,
        1,
        null,
        17,
        17,
        11,
        null,
        1,
        16,
        null,
        null,
        1,
        1,
        1,
        1,
        null,
        null,
        1,
        1,
        1,
        null,
        null,
        1,
        1,
        1,
        null,
        null,
        null,
        1,
        1,
        1,
        1,
        null,
        null,
        1,
        1,
        1,
        null,
        null,
        1,
        1,
        1,
        null,
        null,
        null,
        1,
        1,
        2,
        null,
        null,
        1,
        1,
        1,
        null,
        null,
        1,
        1,
        1,
        null,
        null,
        null,
        1,
        1,
        1,
        1,
        null,
        null,
        1,
        1,
        1,
        null,
        null,
        1,
        1,
        1,
        null,
        1,
        1,
        null,
        null,
        null,
        1,
        1,
        1,
        null,
        1,
        null,
        1,
        1,
        1,
        null,
        null,
        1,
        1,
        null,
        1,
        1,
        null,
        null,
        null,
        1,
        1,
        1,
        1,
        1,
        null,
        null,
        1,
        1,
        1,
        null,
        null,
        null
      ],
      "/Users/brandonwieber/code/Blocmarks/spec/rails_helper.rb": [
        null,
        1,
        1,
        null,
        1,
        1,
        1,
        null,
        null,
        null,
        null,
        null,
        null,
        null,
        null,
        null,
        null,
        null,
        null,
        null,
        null,
        null,
        null,
        null,
        null,
        null,
        1,
        null,
        1,
        null,
        1,
        null,
        1,
        null,
        null,
        null,
        null,
        1,
        null,
        null,
        null,
        null,
        null,
        null,
        null,
        null,
        null,
        null,
        null,
        null,
        null,
        null,
        1,
        null,
        null,
        1,
        null,
        null,
        null
      ],
      "/Users/brandonwieber/code/Blocmarks/config/environment.rb": [
        null,
        1,
        null,
        null,
        1
      ],
      "/Users/brandonwieber/code/Blocmarks/config/application.rb": [
        1,
        null,
        1,
        null,
        1,
        1,
        1,
        1,
        1,
        1,
        1,
        null,
        null,
        null,
        null,
        1,
        null,
        1,
        1,
        null,
        null,
        null,
        null,
        null,
        null,
        null,
        null,
        null,
        null,
        null,
        null,
        null,
        1,
        null,
        null
      ],
      "/Users/brandonwieber/code/Blocmarks/config/boot.rb": [
        1,
        null,
        1
      ],
      "/Users/brandonwieber/code/Blocmarks/config/environments/test.rb": [
        1,
        null,
        null,
        null,
        null,
        null,
        null,
        1,
        null,
        null,
        null,
        null,
        1,
        null,
        null,
        1,
        1,
        null,
        null,
        1,
        1,
        null,
        null,
        1,
        null,
        1,
        null,
        1,
        1,
        null,
        null,
        null,
        null,
        null,
        null,
        null,
        null,
        null,
        null,
        1,
        null,
        null,
        null,
        null,
        1,
        null,
        null,
        1,
        null,
        null,
        1,
        null,
        null,
        null,
        null
      ],
      "/Users/brandonwieber/code/Blocmarks/config/initializers/assets.rb": [
        null,
        null,
        null,
        1,
        null,
        null,
        null,
        null,
        null,
        null,
        null
      ],
      "/Users/brandonwieber/code/Blocmarks/config/initializers/backtrace_silencers.rb": [
        null,
        null,
        null,
        null,
        null,
        null,
        null
      ],
      "/Users/brandonwieber/code/Blocmarks/config/initializers/cookies_serializer.rb": [
        null,
        null,
        1
      ],
      "/Users/brandonwieber/code/Blocmarks/config/initializers/devise.rb": [
        null,
        null,
        1,
        null,
        null,
        null,
        null,
        null,
        null,
        null,
        null,
        null,
        null,
        null,
        1,
        null,
        null,
        null,
        null,
        null,
        null,
        null,
        null,
        1,
        null,
        null,
        null,
        null,
        null,
        null,
        null,
        null,
        null,
        null,
        null,
        null,
        null,
        null,
        null,
        null,
        null,
        null,
        null,
        null,
        null,
        1,
        null,
        null,
        null,
        null,
        1,
        null,
        null,
        null,
        null,
        null,
        null,
        null,
        null,
        null,
        null,
        null,
        null,
        null,
        null,
        null,
        null,
        null,
        null,
        null,
        null,
        null,
        null,
        null,
        null,
        null,
        null,
        null,
        null,
        null,
        null,
        1,
        null,
        null,
        null,
        null,
        null,
        null,
        null,
        null,
        null,
        null,
        null,
        null,
        null,
        null,
        null,
        null,
        1,
        null,
        null,
        null,
        null,
        null,
        null,
        null,
        null,
        null,
        null,
        null,
        null,
        null,
        null,
        null,
        null,
        null,
        null,
        null,
        null,
        null,
        null,
        null,
        null,
        1,
        null,
        null,
        null,
        null,
        null,
        null,
        null,
        null,
        null,
        1,
        null,
        null,
        null,
        null,
        null,
        null,
        null,
        null,
        null,
        null,
        1,
        null,
        null,
        null,
        null,
        null,
        null,
        null,
        null,
        null,
        null,
        null,
        null,
        null,
        null,
        null,
        null,
        null,
        null,
        null,
        null,
        null,
        null,
        null,
        null,
        null,
        null,
        null,
        null,
        null,
        null,
        null,
        null,
        null,
        null,
        null,
        null,
        null,
        null,
        null,
        null,
        null,
        null,
        null,
        null,
        null,
        1,
        null,
        null,
        null,
        null,
        null,
        null,
        null,
        null,
        null,
        null,
        null,
        null,
        null,
        null,
        null,
        null,
        null,
        null,
        null,
        null,
        null,
        null,
        null,
        null,
        null,
        null,
        null,
        null,
        null,
        null,
        null,
        null,
        null,
        null,
        null,
        null,
        null,
        null,
        null,
        null,
        null,
        1,
        null,
        null,
        null,
        null,
        null,
        null,
        null,
        null,
        null,
        null,
        null,
        null,
        null,
        null,
        null,
        null,
        null,
        null,
        null,
        null,
        null,
        null,
        null,
        null,
        null,
        null,
        null,
        null,
        null
      ],
      "/Users/brandonwieber/code/Blocmarks/config/initializers/filter_parameter_logging.rb": [
        null,
        null,
        null,
        1
      ],
      "/Users/brandonwieber/code/Blocmarks/config/initializers/inflections.rb": [
        null,
        null,
        null,
        null,
        null,
        null,
        null,
        null,
        null,
        null,
        null,
        null,
        null,
        null,
        null,
        null
      ],
      "/Users/brandonwieber/code/Blocmarks/config/initializers/mail.rb": [
        1,
        null,
        null,
        null,
        null,
        null,
        null,
        null,
        null,
        1,
        null,
        null,
        1,
        null,
        null,
        null,
        1,
        1,
        0,
        0,
        0,
        null,
        null,
        null,
        null,
        null,
        1,
        0,
        null
      ],
      "/Users/brandonwieber/code/Blocmarks/config/initializers/mime_types.rb": [
        null,
        null,
        null,
        null
      ],
      "/Users/brandonwieber/code/Blocmarks/config/initializers/session_store.rb": [
        null,
        null,
        1
      ],
      "/Users/brandonwieber/code/Blocmarks/config/initializers/wrap_parameters.rb": [
        null,
        null,
        null,
        null,
        null,
        null,
        1,
        1,
        null,
        null,
        null,
        null,
        null,
        null
      ],
      "/Users/brandonwieber/code/Blocmarks/spec/factories/bookmarks.rb": [
        1,
        1,
        1,
        null,
        1,
        null,
        null,
        null
      ],
      "/Users/brandonwieber/code/Blocmarks/spec/factories/likes.rb": [
        1,
        1,
        1,
        1,
        null,
        null,
        null
      ],
      "/Users/brandonwieber/code/Blocmarks/spec/factories/topics.rb": [
        1,
        null,
        1,
        1,
        null,
        1,
        null,
        null,
        null
      ],
      "/Users/brandonwieber/code/Blocmarks/spec/factories/users.rb": [
        1,
        null,
        1,
        null,
        1,
        1,
        61,
        1,
        1,
        1,
        null,
        null
      ],
      "/Users/brandonwieber/code/Blocmarks/config/routes.rb": [
        1,
        null,
        1,
        null,
        1,
        1,
        null,
        null,
        1,
        1,
        null,
        null,
        1,
        null,
        1,
        null,
        1,
        null,
        1,
        null,
        1,
        null,
        null
      ],
      "/Users/brandonwieber/code/Blocmarks/app/models/user.rb": [
        1,
        null,
        null,
        1,
        null,
        null,
        1,
        1,
        1,
        null,
        1,
        2,
        null,
        null
      ],
      "/Users/brandonwieber/code/Blocmarks/app/helpers/application_helper.rb": [
        1,
        null
      ],
      "/Users/brandonwieber/code/Blocmarks/app/helpers/bookmarks_helper.rb": [
        1,
        null
      ],
      "/Users/brandonwieber/code/Blocmarks/app/helpers/likes_helper.rb": [
        1,
        null
      ],
      "/Users/brandonwieber/code/Blocmarks/app/helpers/topics_helper.rb": [
        1,
        null
      ],
      "/Users/brandonwieber/code/Blocmarks/app/helpers/welcome_helper.rb": [
        1,
        null
      ],
      "/Users/brandonwieber/code/Blocmarks/app/controllers/bookmarks_controller.rb": [
        1,
        null,
        1,
        null,
        1,
        null,
        1,
        3,
        3,
        null,
        null,
        1,
        3,
        3,
        3,
        null,
        null,
        null,
        1,
        3,
        3,
        null,
        null,
        1,
        2,
        2,
        2,
        null,
        null,
        2,
        2,
        2,
        null,
        0,
        0,
        null,
        null,
        null,
        1,
        3,
        3,
        3,
        3,
        null,
        null,
        3,
        3,
        3,
        null,
        0,
        0,
        null,
        null,
        null,
        null,
        null,
        1,
        2,
        2,
        null,
        2,
        2,
        2,
        null,
        0,
        0,
        null,
        null,
        null,
        1,
        null,
        1,
        5,
        null,
        null
      ],
      "/Users/brandonwieber/code/Blocmarks/app/controllers/application_controller.rb": [
        1,
        1,
        null,
        1,
        null,
        1,
        null,
        1,
        null,
        1,
        0,
        0,
        null,
        null
      ],
      "/Users/brandonwieber/code/Blocmarks/spec/controllers/incoming_controller_spec.rb": [
        1,
        null,
        1,
        null,
        null,
        null,
        null,
        null,
        null
      ],
      "/Users/brandonwieber/code/Blocmarks/app/controllers/incoming_controller.rb": [
        1,
        null,
        1,
        null,
        1,
        0,
        0,
        null,
        0,
        null,
        0,
        0,
        null,
        null,
        0,
        0,
        null,
        null,
        0,
        null,
        0,
        null,
        null
      ],
      "/Users/brandonwieber/code/Blocmarks/spec/controllers/likes_controller_spec.rb": [
        1,
        null,
        1,
        5,
        5,
        5,
        null,
        1,
        4,
        null,
        null,
        1,
        null,
        1,
        1,
        1,
        null,
        null,
        1,
        null,
        1,
        null,
        1,
        null,
        1,
        null,
        null,
        null,
        1,
        1,
        1,
        1,
        1,
        null,
        null,
        1,
        1,
        1,
        null,
        1,
        1,
        null,
        null,
        null
      ],
      "/Users/brandonwieber/code/Blocmarks/app/controllers/likes_controller.rb": [
        1,
        null,
        1,
        null,
        1,
        2,
        2,
        2,
        2,
        null,
        2,
        2,
        2,
        null,
        0,
        0,
        null,
        null,
        null,
        1,
        2,
        2,
        2,
        2,
        null,
        2,
        2,
        2,
        null,
        0,
        0,
        null,
        null,
        null
      ],
      "/Users/brandonwieber/code/Blocmarks/spec/controllers/topics_controller_spec.rb": [
        1,
        null,
        1,
        null,
        19,
        12,
        null,
        1,
        18,
        null,
        null,
        1,
        1,
        1,
        1,
        null,
        null,
        1,
        1,
        1,
        null,
        null,
        null,
        1,
        1,
        1,
        1,
        null,
        null,
        1,
        1,
        1,
        null,
        null,
        1,
        1,
        1,
        null,
        null,
        null,
        1,
        1,
        1,
        1,
        null,
        null,
        1,
        1,
        1,
        null,
        null,
        1,
        1,
        1,
        null,
        null,
        null,
        1,
        1,
        2,
        null,
        null,
        1,
        1,
        1,
        null,
        null,
        1,
        1,
        1,
        null,
        null,
        null,
        1,
        1,
        1,
        1,
        null,
        null,
        1,
        1,
        1,
        null,
        null,
        1,
        1,
        1,
        null,
        1,
        1,
        null,
        null,
        null,
        1,
        1,
        1,
        null,
        1,
        null,
        1,
        1,
        1,
        null,
        null,
        1,
        1,
        null,
        1,
        1,
        null,
        null,
        null,
        1,
        1,
        1,
        1,
        1,
        null,
        null,
        1,
        1,
        1,
        null,
        null,
        null
      ],
      "/Users/brandonwieber/code/Blocmarks/app/controllers/topics_controller.rb": [
        1,
        null,
        1,
        null,
        1,
        null,
        1,
        2,
        null,
        null,
        1,
        3,
        3,
        null,
        null,
        1,
        3,
        3,
        null,
        null,
        1,
        3,
        3,
        3,
        null,
        3,
        3,
        3,
        null,
        0,
        0,
        null,
        null,
        null,
        1,
        3,
        3,
        null,
        null,
        1,
        2,
        2,
        null,
        2,
        null,
        2,
        2,
        2,
        null,
        0,
        0,
        null,
        null,
        null,
        1,
        2,
        2,
        null,
        2,
        2,
        2,
        null,
        0,
        0,
        null,
        null,
        null,
        1,
        null,
        1,
        5,
        null,
        null,
        null
      ],
      "/Users/brandonwieber/code/Blocmarks/spec/mailers/model_mailer_spec.rb": [
        1,
        null,
        1,
        1,
        null
      ],
      "/Users/brandonwieber/code/Blocmarks/app/mailers/model_mailer.rb": [
        1,
        1,
        null,
        1,
        0,
        0,
        null,
        null
      ],
      "/Users/brandonwieber/code/Blocmarks/app/mailers/application_mailer.rb": [
        1,
        1,
        1,
        null
      ],
      "/Users/brandonwieber/code/Blocmarks/spec/models/bookmark_spec.rb": [
        1,
        null,
        1,
        null,
        1,
        null,
        2,
        null,
        null,
        null
      ],
      "/Users/brandonwieber/code/Blocmarks/app/models/bookmark.rb": [
        1,
        1,
        1,
        null,
        1,
        null
      ],
      "/Users/brandonwieber/code/Blocmarks/spec/models/like_spec.rb": [
        1,
        null,
        1,
        null,
        1,
        1,
        1,
        1,
        null,
        2,
        2,
        null,
        null
      ],
      "/Users/brandonwieber/code/Blocmarks/app/models/like.rb": [
        1,
        1,
        1,
        null
      ],
      "/Users/brandonwieber/code/Blocmarks/spec/models/topic_spec.rb": [
        1,
        null,
        1,
        1,
        null
      ],
      "/Users/brandonwieber/code/Blocmarks/app/models/topic.rb": [
        1,
        1,
        null,
        1,
        null
      ],
      "/Users/brandonwieber/code/Blocmarks/spec/models/user_spec.rb": [
        1,
        null,
        1,
        null,
        5,
        null,
        2,
        2,
        2,
        2,
        null,
        2,
        2,
        null,
        2,
        null,
        1,
        null,
        1,
        1,
        null,
        null,
        1,
        1,
        null,
        null,
        null,
        1,
        1,
        2,
        2,
        null,
        1,
        1,
        null,
        null,
        1,
        1,
        null,
        null,
        null,
        1,
        1,
        2,
        2,
        null,
        null,
        null,
        1,
        1,
        null,
        null,
        1,
        1,
        null,
        1,
        null,
        null,
        null
      ],
      "/Users/brandonwieber/code/Blocmarks/spec/views/bookmarks/edit.html.erb_spec.rb": [
        1,
        null,
        1,
        1,
        null
      ],
      "/Users/brandonwieber/code/Blocmarks/spec/views/bookmarks/new.html.erb_spec.rb": [
        1,
        null,
        1,
        1,
        null
      ],
      "/Users/brandonwieber/code/Blocmarks/spec/views/bookmarks/show.html.erb_spec.rb": [
        1,
        null,
        1,
        1,
        null
      ],
      "/Users/brandonwieber/code/Blocmarks/spec/views/topics/edit.html.erb_spec.rb": [
        1,
        null,
        1,
        1,
        null
      ],
      "/Users/brandonwieber/code/Blocmarks/spec/views/topics/index.html.erb_spec.rb": [
        1,
        null,
        1,
        1,
        null
      ],
      "/Users/brandonwieber/code/Blocmarks/spec/views/topics/new.html.erb_spec.rb": [
        1,
        null,
        1,
        1,
        null
      ],
      "/Users/brandonwieber/code/Blocmarks/spec/views/topics/show.html.erb_spec.rb": [
        1,
        null,
        1,
        1,
        null
      ],
      "/Users/brandonwieber/code/Blocmarks/app/policies/bookmark_policy.rb": [
        1,
        null,
        null
      ],
      "/Users/brandonwieber/code/Blocmarks/app/policies/application_policy.rb": [
        1,
        1,
        null,
        1,
        36,
        36,
        null,
        null,
        1,
        0,
        null,
        null,
        1,
        6,
        null,
        null,
        1,
        8,
        null,
        null,
        1,
        6,
        null,
        null,
        1,
        4,
        null,
        null,
        1,
        6,
        null,
        null,
        1,
        6,
        null,
        null,
        1,
        6,
        null,
        null,
        1,
        1,
        null,
        1,
        6,
        6,
        null,
        null,
        1,
        6,
        null,
        null,
        null
      ],
      "/Users/brandonwieber/code/Blocmarks/app/policies/like_policy.rb": [
        1,
        null,
        null
      ],
      "/Users/brandonwieber/code/Blocmarks/app/policies/topic_policy.rb": [
        1,
        null,
        null
      ]
    },
    "timestamp": 1454958736
  }
}
