{
  "RSpec": {
    "coverage": {
      "/Users/brandonwieber/code/Blocmarks/spec/models/user_spec.rb": [
        1,
        null,
        1,
        null,
        5,
        null,
        2,
        2,
        2,
        2,
        null,
        2,
        2,
        null,
        2,
        null,
        1,
        null,
        1,
        1,
        null,
        null,
        1,
        1,
        null,
        null,
        null,
        1,
        1,
        2,
        2,
        null,
        1,
        1,
        null,
        null,
        1,
        1,
        null,
        null,
        null,
        1,
        1,
        2,
        2,
        null,
        null,
        null,
        1,
        1,
        null,
        null,
        1,
        1,
        null,
        1,
        null,
        null,
        null
      ],
      "/Users/brandonwieber/code/Blocmarks/spec/rails_helper.rb": [
        null,
        1,
        1,
        null,
        1,
        1,
        1,
        null,
        null,
        null,
        null,
        null,
        null,
        null,
        null,
        null,
        null,
        null,
        null,
        null,
        null,
        null,
        null,
        null,
        null,
        null,
        1,
        null,
        1,
        null,
        1,
        null,
        1,
        null,
        null,
        null,
        null,
        1,
        null,
        null,
        null,
        null,
        null,
        null,
        null,
        null,
        null,
        null,
        null,
        null,
        null,
        null,
        1,
        null,
        null,
        1,
        null,
        null,
        null
      ],
      "/Users/brandonwieber/code/Blocmarks/config/environment.rb": [
        null,
        1,
        null,
        null,
        1
      ],
      "/Users/brandonwieber/code/Blocmarks/config/application.rb": [
        1,
        null,
        1,
        null,
        1,
        1,
        1,
        1,
        1,
        1,
        1,
        null,
        null,
        null,
        null,
        1,
        null,
        1,
        1,
        null,
        null,
        null,
        null,
        null,
        null,
        null,
        null,
        null,
        null,
        null,
        null,
        null,
        1,
        null,
        null
      ],
      "/Users/brandonwieber/code/Blocmarks/config/boot.rb": [
        1,
        null,
        1
      ],
      "/Users/brandonwieber/code/Blocmarks/config/environments/test.rb": [
        1,
        null,
        null,
        null,
        null,
        null,
        null,
        1,
        null,
        null,
        null,
        null,
        1,
        null,
        null,
        1,
        1,
        null,
        null,
        1,
        1,
        null,
        null,
        1,
        null,
        1,
        1,
        null,
        null,
        null,
        null,
        null,
        null,
        null,
        null,
        1,
        null,
        1,
        null,
        null,
        null,
        1,
        null,
        null,
        null,
        null,
        1,
        null,
        null,
        1,
        null,
        null,
        1,
        null,
        null,
        null,
        null
      ],
      "/Users/brandonwieber/code/Blocmarks/config/initializers/assets.rb": [
        null,
        null,
        null,
        1,
        null,
        null,
        null,
        null,
        null,
        null,
        null
      ],
      "/Users/brandonwieber/code/Blocmarks/config/initializers/backtrace_silencers.rb": [
        null,
        null,
        null,
        null,
        null,
        null,
        null
      ],
      "/Users/brandonwieber/code/Blocmarks/config/initializers/cookies_serializer.rb": [
        null,
        null,
        1
      ],
      "/Users/brandonwieber/code/Blocmarks/config/initializers/devise.rb": [
        null,
        null,
        1,
        null,
        null,
        null,
        null,
        null,
        null,
        null,
        null,
        null,
        null,
        null,
        1,
        null,
        null,
        null,
        null,
        null,
        null,
        null,
        null,
        1,
        null,
        null,
        null,
        null,
        null,
        null,
        null,
        null,
        null,
        null,
        null,
        null,
        null,
        null,
        null,
        null,
        null,
        null,
        null,
        null,
        null,
        1,
        null,
        null,
        null,
        null,
        1,
        null,
        null,
        null,
        null,
        null,
        null,
        null,
        null,
        null,
        null,
        null,
        null,
        null,
        null,
        null,
        null,
        null,
        null,
        null,
        null,
        null,
        null,
        null,
        null,
        null,
        null,
        null,
        null,
        null,
        null,
        1,
        null,
        null,
        null,
        null,
        null,
        null,
        null,
        null,
        null,
        null,
        null,
        null,
        null,
        null,
        null,
        null,
        1,
        null,
        null,
        null,
        null,
        null,
        null,
        null,
        null,
        null,
        null,
        null,
        null,
        null,
        null,
        null,
        null,
        null,
        null,
        null,
        null,
        null,
        null,
        null,
        null,
        1,
        null,
        null,
        null,
        null,
        null,
        null,
        null,
        null,
        null,
        1,
        null,
        null,
        null,
        null,
        null,
        null,
        null,
        null,
        null,
        null,
        1,
        null,
        null,
        null,
        null,
        null,
        null,
        null,
        null,
        null,
        null,
        null,
        null,
        null,
        null,
        null,
        null,
        null,
        null,
        null,
        null,
        null,
        null,
        null,
        null,
        null,
        null,
        null,
        null,
        null,
        null,
        null,
        null,
        null,
        null,
        null,
        null,
        null,
        null,
        null,
        null,
        null,
        null,
        null,
        null,
        null,
        1,
        null,
        null,
        null,
        null,
        null,
        null,
        null,
        null,
        null,
        null,
        null,
        null,
        null,
        null,
        null,
        null,
        null,
        null,
        null,
        null,
        null,
        null,
        null,
        null,
        null,
        null,
        null,
        null,
        null,
        null,
        null,
        null,
        null,
        null,
        null,
        null,
        null,
        null,
        null,
        null,
        null,
        1,
        null,
        null,
        null,
        null,
        null,
        null,
        null,
        null,
        null,
        null,
        null,
        null,
        null,
        null,
        null,
        null,
        null,
        null,
        null,
        null,
        null,
        null,
        null,
        null,
        null,
        null,
        null,
        null,
        null
      ],
      "/Users/brandonwieber/code/Blocmarks/config/initializers/filter_parameter_logging.rb": [
        null,
        null,
        null,
        1
      ],
      "/Users/brandonwieber/code/Blocmarks/config/initializers/inflections.rb": [
        null,
        null,
        null,
        null,
        null,
        null,
        null,
        null,
        null,
        null,
        null,
        null,
        null,
        null,
        null,
        null
      ],
      "/Users/brandonwieber/code/Blocmarks/config/initializers/mail.rb": [
        1,
        null,
        null,
        null,
        null,
        null,
        null,
        null,
        null,
        1,
        null,
        null,
        1,
        null,
        null,
        null,
        1,
        1,
        0,
        0,
        0,
        null,
        null,
        null,
        null,
        null,
        1,
        0,
        null
      ],
      "/Users/brandonwieber/code/Blocmarks/config/initializers/mime_types.rb": [
        null,
        null,
        null,
        null
      ],
      "/Users/brandonwieber/code/Blocmarks/config/initializers/session_store.rb": [
        null,
        null,
        1
      ],
      "/Users/brandonwieber/code/Blocmarks/config/initializers/wrap_parameters.rb": [
        null,
        null,
        null,
        null,
        null,
        null,
        1,
        1,
        null,
        null,
        null,
        null,
        null,
        null
      ],
      "/Users/brandonwieber/code/Blocmarks/spec/factories/bookmarks.rb": [
        1,
        1,
        1,
        null,
        1,
        null,
        null,
        null
      ],
      "/Users/brandonwieber/code/Blocmarks/spec/factories/likes.rb": [
        1,
        1,
        1,
        1,
        null,
        null,
        null
      ],
      "/Users/brandonwieber/code/Blocmarks/spec/factories/topics.rb": [
        1,
        null,
        1,
        1,
        null,
        1,
        null,
        null,
        null
      ],
      "/Users/brandonwieber/code/Blocmarks/spec/factories/users.rb": [
        1,
        null,
        1,
        null,
        1,
        1,
        7,
        1,
        1,
        1,
        null,
        null
      ],
      "/Users/brandonwieber/code/Blocmarks/config/routes.rb": [
        1,
        null,
        1,
        null,
        1,
        1,
        null,
        null,
        1,
        1,
        null,
        null,
        1,
        null,
        1,
        null,
        1,
        null,
        1,
        null,
        1,
        null,
        null
      ],
      "/Users/brandonwieber/code/Blocmarks/app/models/user.rb": [
        1,
        null,
        null,
        1,
        null,
        null,
        1,
        1,
        1,
        null,
        1,
        2,
        null,
        null
      ],
      "/Users/brandonwieber/code/Blocmarks/app/helpers/application_helper.rb": [
        1,
        null
      ],
      "/Users/brandonwieber/code/Blocmarks/app/helpers/bookmarks_helper.rb": [
        1,
        null
      ],
      "/Users/brandonwieber/code/Blocmarks/app/helpers/likes_helper.rb": [
        1,
        null
      ],
      "/Users/brandonwieber/code/Blocmarks/app/helpers/topics_helper.rb": [
        1,
        null
      ],
      "/Users/brandonwieber/code/Blocmarks/app/helpers/welcome_helper.rb": [
        1,
        null
      ],
      "/Users/brandonwieber/code/Blocmarks/app/models/like.rb": [
        1,
        1,
        1,
        null
      ],
      "/Users/brandonwieber/code/Blocmarks/app/models/topic.rb": [
        1,
        1,
        null,
        1,
        null
      ],
      "/Users/brandonwieber/code/Blocmarks/app/models/bookmark.rb": [
        1,
        1,
        1,
        null,
        1,
        null
      ]
    },
    "timestamp": 1454959742
  }
}
